<?xml version="1.0" encoding="UTF-8"?>
<Site BuildName="Linux-x86_64-linux-gnu-g++-10"
	BuildStamp="20200925-1513-Experimental"
	Name="hp-lap"
	Generator="ctest-3.15.2"
	CompilerName="/usr/bin/x86_64-linux-gnu-g++-10"
	CompilerVersion="10.1.0"
	OSName="Linux"
	Hostname="hp-lap"
	OSRelease="5.4.0-48-generic"
	OSVersion="#52~18.04.1-Ubuntu SMP Thu Sep 10 12:50:22 UTC 2020"
	OSPlatform="x86_64"
	Is64Bits="1"
	VendorString="GenuineIntel"
	VendorID="Intel Corporation"
	FamilyID="6"
	ModelID="94"
	ProcessorCacheSize="6144"
	NumberOfLogicalCPU="8"
	NumberOfPhysicalCPU="4"
	TotalVirtualMemory="15258"
	TotalPhysicalMemory="7915"
	LogicalProcessorsPerPhysical="2"
	ProcessorClockFrequency="2700.1"
	>
	<Testing>
		<StartDateTime>Sep 25 16:13 BST</StartDateTime>
		<StartTestTime>1601046818</StartTestTime>
		<TestList/>
		<EndDateTime>Sep 25 16:13 BST</EndDateTime>
		<EndTestTime>1601046818</EndTestTime>
		<ElapsedMinutes>0</ElapsedMinutes>
	</Testing>
</Site>
